{"name": "Buzz Post, Comment, Like, Delete Test", "status": "broken", "statusDetails": {"message": "selenium.common.exceptions.TimeoutException: Message: \nStacktrace:\n#0 0x5a537b45a23a <unknown>\n#1 0x5a537af04ab0 <unknown>\n#2 0x5a537af566f0 <unknown>\n#3 0x5a537af568e1 <unknown>\n#4 0x5a537afa4b94 <unknown>\n#5 0x5a537af7c1cd <unknown>\n#6 0x5a537afa1fee <unknown>\n#7 0x5a537af7bf73 <unknown>\n#8 0x5a537af48aeb <unknown>\n#9 0x5a537af49751 <unknown>\n#10 0x5a537b41eb4b <unknown>\n#11 0x5a537b422929 <unknown>\n#12 0x5a537b405929 <unknown>\n#13 0x5a537b4234e8 <unknown>\n#14 0x5a537b3ea0df <unknown>\n#15 0x5a537b4478e8 <unknown>\n#16 0x5a537b447ac6 <unknown>\n#17 0x5a537b459556 <unknown>\n#18 0x773d5e694ac3 <unknown>", "trace": "browser = <selenium.webdriver.chrome.webdriver.WebDriver (session=\"044e923216c2546f07cf11aa6d41af20\")>\n\n    @allure.title(\"Buzz Post, Comment, Like, Delete Test\")\n    @allure.description(\"Test verifies all core functionalities of the Buzz module\")\n    def test_buzz_post_comment_like_delete(browser):\n        login = loginPage(browser)\n        buzz = BuzzPage(browser)\n    \n        logger.info(\"Loading login page\")\n        login.load()\n        login.login(\"Admin\", \"admin123\")\n        logger.info(\"Logged in as Admin\")\n    \n        buzz.go_to_buzz()\n        logger.info(\"Navigated to Buzz module\")\n    \n        test_post = \"Hello QABatch6 from Chan Oo\"\n        buzz.create_post(test_post)\n        buzz.wait_for_success_alert(\"Successfully Saved\")\n        logger.info(\"Post created\")\n        buzz.get_base_location(test_post)\n        # logger.info(buzz.get_first_post_text())\n        # actual_text = buzz.get_first_post_text().strip()\n        # expected_text = test_post.strip()\n        # assert expected_text in actual_text\n        logger.info(\"Verified posted content\")\n        time.sleep(2)\n    \n    \n        buzz.comment_on_post(\"Welcome Chan Oo\")\n        buzz.wait_for_success_alert(\"Successfully Saved\")\n        logger.info(\"Comment added\")\n        time.sleep(2)\n    \n    \n>       buzz.like_post()\n\ntests/test_buzz_actions.py:44: \n_ _ _ _ _ _ _ _ _ _ _ _ _ _ _ _ _ _ _ _ _ _ _ _ _ _ _ _ _ _ _ _ _ _ _ _ _ _ _ _ _ _ _ _ _ _ _ _ _ _ _ _ _ _ _ _ _ _ _ _ _ _ _ _ _ _ _ _ _ _ _ _ _ _ _ _ _ _ _ _ _ \npages/buzz_page.py:55: in like_post\n    assert self.wait.until(EC.presence_of_element_located(self.LIKED_STATE)), \"Post was not liked successfully\"\n_ _ _ _ _ _ _ _ _ _ _ _ _ _ _ _ _ _ _ _ _ _ _ _ _ _ _ _ _ _ _ _ _ _ _ _ _ _ _ _ _ _ _ _ _ _ _ _ _ _ _ _ _ _ _ _ _ _ _ _ _ _ _ _ _ _ _ _ _ _ _ _ _ _ _ _ _ _ _ _ _ \n\nself = <selenium.webdriver.support.wait.WebDriverWait (session=\"044e923216c2546f07cf11aa6d41af20\")>\nmethod = <function presence_of_element_located.<locals>._predicate at 0x7731ea82a840>, message = ''\n\n    def until(self, method: Callable[[D], Union[Literal[False], T]], message: str = \"\") -> T:\n        \"\"\"Wait until the method returns a value that is not False.\n    \n        Calls the method provided with the driver as an argument until the\n        return value does not evaluate to ``False``.\n    \n        Parameters:\n        -----------\n        method: callable(WebDriver)\n            - A callable object that takes a WebDriver instance as an argument.\n    \n        message: str\n            - Optional message for :exc:`TimeoutException`\n    \n        Return:\n        -------\n        object: T\n            - The result of the last call to `method`\n    \n        Raises:\n        -------\n        TimeoutException\n            - If 'method' does not return a truthy value within the WebDriverWait\n            object's timeout\n    \n        Example:\n        --------\n        >>> from selenium.webdriver.common.by import By\n        >>> from selenium.webdriver.support.ui import WebDriverWait\n        >>> from selenium.webdriver.support import expected_conditions as EC\n    \n        # Wait until an element is visible on the page\n        >>> wait = WebDriverWait(driver, 10)\n        >>> element = wait.until(EC.visibility_of_element_located((By.ID, \"exampleId\")))\n        >>> print(element.text)\n        \"\"\"\n        screen = None\n        stacktrace = None\n    \n        end_time = time.monotonic() + self._timeout\n        while True:\n            try:\n                value = method(self._driver)\n                if value:\n                    return value\n            except self._ignored_exceptions as exc:\n                screen = getattr(exc, \"screen\", None)\n                stacktrace = getattr(exc, \"stacktrace\", None)\n            if time.monotonic() > end_time:\n                break\n            time.sleep(self._poll)\n>       raise TimeoutException(message, screen, stacktrace)\nE       selenium.common.exceptions.TimeoutException: Message: \nE       Stacktrace:\nE       #0 0x5a537b45a23a <unknown>\nE       #1 0x5a537af04ab0 <unknown>\nE       #2 0x5a537af566f0 <unknown>\nE       #3 0x5a537af568e1 <unknown>\nE       #4 0x5a537afa4b94 <unknown>\nE       #5 0x5a537af7c1cd <unknown>\nE       #6 0x5a537afa1fee <unknown>\nE       #7 0x5a537af7bf73 <unknown>\nE       #8 0x5a537af48aeb <unknown>\nE       #9 0x5a537af49751 <unknown>\nE       #10 0x5a537b41eb4b <unknown>\nE       #11 0x5a537b422929 <unknown>\nE       #12 0x5a537b405929 <unknown>\nE       #13 0x5a537b4234e8 <unknown>\nE       #14 0x5a537b3ea0df <unknown>\nE       #15 0x5a537b4478e8 <unknown>\nE       #16 0x5a537b447ac6 <unknown>\nE       #17 0x5a537b459556 <unknown>\nE       #18 0x773d5e694ac3 <unknown>\n\n.venv/lib/python3.11/site-packages/selenium/webdriver/support/wait.py:138: TimeoutException"}, "description": "Test verifies all core functionalities of the Buzz module", "attachments": [{"name": "log", "source": "0f3217a1-7554-46eb-9491-15c4167093d7-attachment.txt", "type": "text/plain"}, {"name": "stdout", "source": "4e264865-e21f-4447-afa4-6c4e3a380e0a-attachment.txt", "type": "text/plain"}], "start": 1752347501823, "stop": 1752347524026, "uuid": "8583ad1d-767d-4ac6-9026-d98dd17cfddf", "historyId": "90710ef61d14e5b354e66bc06978a691", "testCaseId": "90710ef61d14e5b354e66bc06978a691", "fullName": "tests.test_buzz_actions#test_buzz_post_comment_like_delete", "labels": [{"name": "parentSuite", "value": "tests"}, {"name": "suite", "value": "test_buzz_actions"}, {"name": "host", "value": "chanoo"}, {"name": "thread", "value": "12033-MainThread"}, {"name": "framework", "value": "pytest"}, {"name": "language", "value": "cpython3"}, {"name": "package", "value": "tests.test_buzz_actions"}]}